c:\users\asus\source\repos\guicpp_kel27\guicpp_kel27\x64\debug\vc143.pdb
c:\users\asus\source\repos\guicpp_kel27\guicpp_kel27\x64\debug\.netframework,version=v4.7.2.assemblyattributes.obj
c:\users\asus\source\repos\guicpp_kel27\guicpp_kel27\x64\debug\kontak.obj
c:\users\asus\source\repos\guicpp_kel27\guicpp_kel27\x64\debug\login.obj
c:\users\asus\source\repos\guicpp_kel27\guicpp_kel27\x64\debug\registration.obj
c:\users\asus\source\repos\guicpp_kel27\x64\debug\guicpp_kel27.exe
c:\users\asus\source\repos\guicpp_kel27\x64\debug\guicpp_kel27.pdb
c:\users\asus\source\repos\guicpp_kel27\guicpp_kel27\x64\debug\guicpp_kel27.tlog\cl.command.1.tlog
c:\users\asus\source\repos\guicpp_kel27\guicpp_kel27\x64\debug\guicpp_kel27.tlog\cl.items.tlog
c:\users\asus\source\repos\guicpp_kel27\guicpp_kel27\x64\debug\guicpp_kel27.tlog\cl.read.1.tlog
c:\users\asus\source\repos\guicpp_kel27\guicpp_kel27\x64\debug\guicpp_kel27.tlog\cl.write.1.tlog
c:\users\asus\source\repos\guicpp_kel27\guicpp_kel27\x64\debug\guicpp_kel27.tlog\link.command.1.tlog
c:\users\asus\source\repos\guicpp_kel27\guicpp_kel27\x64\debug\guicpp_kel27.tlog\link.read.1.tlog
c:\users\asus\source\repos\guicpp_kel27\guicpp_kel27\x64\debug\guicpp_kel27.tlog\link.secondary.1.tlog
c:\users\asus\source\repos\guicpp_kel27\guicpp_kel27\x64\debug\guicpp_kel27.tlog\link.write.1.tlog
c:\users\asus\source\repos\guicpp_kel27\guicpp_kel27\x64\debug\guicpp_kel27.tlog\metagen.read.1.tlog
c:\users\asus\source\repos\guicpp_kel27\guicpp_kel27\x64\debug\guicpp_kel27.tlog\metagen.write.1.tlog
c:\users\asus\source\repos\guicpp_kel27\guicpp_kel27\x64\debug\guicpp_kel27.tlog\resgen.command.1.tlog
c:\users\asus\source\repos\guicpp_kel27\guicpp_kel27\x64\debug\guicpp_kel27.tlog\resgen.read.1.tlog
c:\users\asus\source\repos\guicpp_kel27\guicpp_kel27\x64\debug\guicpp_kel27.tlog\resgen.write.1.tlog
